[1607100350.445][INFO]: Starting ChromeDriver 87.0.4280.20 (c99e81631faa0b2a448e658c0dbd8311fb04ddbd-refs/branch-heads/4280@{#355}) on port 5614
[1607100350.446][INFO]: Please see https://chromedriver.chromium.org/security-considerations for suggestions on keeping ChromeDriver safe.
[1607100350.589][INFO]: [b808ab7a677ae8946bc8f95ae866073c] COMMAND InitSession {
   "capabilities": {
      "firstMatch": [ {
         "browserName": "chrome",
         "goog:chromeOptions": {
            "args": [  ],
            "extensions": [  ]
         }
      } ]
   },
   "desiredCapabilities": {
      "browserName": "chrome",
      "goog:chromeOptions": {
         "args": [  ],
         "extensions": [  ]
      }
   }
}
[1607100350.590][INFO]: Populating Preferences file: {
   "alternate_error_pages": {
      "enabled": false
   },
   "autofill": {
      "enabled": false
   },
   "browser": {
      "check_default_browser": false
   },
   "distribution": {
      "import_bookmarks": false,
      "import_history": false,
      "import_search_engine": false,
      "make_chrome_default_for_user": false,
      "skip_first_run_ui": true
   },
   "dns_prefetching": {
      "enabled": false
   },
   "profile": {
      "content_settings": {
         "pattern_pairs": {
            "https://*,*": {
               "media-stream": {
                  "audio": "Default",
                  "video": "Default"
               }
            }
         }
      },
      "default_content_setting_values": {
         "geolocation": 1
      },
      "default_content_settings": {
         "geolocation": 1,
         "mouselock": 1,
         "notifications": 1,
         "popups": 1,
         "ppapi-broker": 1
      },
      "password_manager_enabled": false
   },
   "safebrowsing": {
      "enabled": false
   },
   "search": {
      "suggest_enabled": false
   },
   "translate": {
      "enabled": false
   }
}
[1607100350.590][INFO]: Populating Local State file: {
   "background_mode": {
      "enabled": false
   },
   "ssl": {
      "rev_checking": {
         "enabled": false
      }
   }
}
[1607100350.590][INFO]: Launching chrome: /usr/bin/google-chrome --disable-background-networking --disable-client-side-phishing-detection --disable-default-apps --disable-hang-monitor --disable-popup-blocking --disable-prompt-on-repost --disable-sync --enable-automation --enable-blink-features=ShadowDOMV0 --enable-logging --log-level=0 --no-first-run --no-service-autorun --password-store=basic --remote-debugging-port=0 --test-type=webdriver --use-mock-keychain --user-data-dir=/tmp/.com.google.Chrome.FwxW8v data:,
[2549575:2549575:1204/174550.935061:ERROR:sandbox_linux.cc(374)] InitializeSandbox() called with multiple threads in process gpu-process.

DevTools listening on ws://127.0.0.1:38449/devtools/browser/2a714257-2a1f-4ba3-ae17-f918b3fc9ab5
[1607100350.993][DEBUG]: DevTools HTTP Request: http://localhost:38449/json/version
[1607100351.123][DEBUG]: DevTools HTTP Response: {
   "Browser": "Chrome/87.0.4280.88",
   "Protocol-Version": "1.3",
   "User-Agent": "Mozilla/5.0 (X11; Linux x86_64) AppleWebKit/537.36 (KHTML, like Gecko) Chrome/87.0.4280.88 Safari/537.36",
   "V8-Version": "8.7.220.29",
   "WebKit-Version": "537.36 (@89e2380a3e36c3464b5dd1302349b1382549290d)",
   "webSocketDebuggerUrl": "ws://localhost:38449/devtools/browser/2a714257-2a1f-4ba3-ae17-f918b3fc9ab5"
}

[1607100351.123][DEBUG]: DevTools HTTP Request: http://localhost:38449/json/list
[1607100351.137][DEBUG]: DevTools HTTP Response: [ {
   "description": "",
   "devtoolsFrontendUrl": "/devtools/inspector.html?ws=localhost:38449/devtools/page/B958A93E328806C0AB43B2C0835BD322",
   "id": "B958A93E328806C0AB43B2C0835BD322",
   "title": "",
   "type": "page",
   "url": "data:,",
   "webSocketDebuggerUrl": "ws://localhost:38449/devtools/page/B958A93E328806C0AB43B2C0835BD322"
} ]

[1607100351.137][DEBUG]: DevTools HTTP Request: http://localhost:38449/json/list
[1607100351.161][DEBUG]: DevTools HTTP Response: [ {
   "description": "",
   "devtoolsFrontendUrl": "/devtools/inspector.html?ws=localhost:38449/devtools/page/B958A93E328806C0AB43B2C0835BD322",
   "id": "B958A93E328806C0AB43B2C0835BD322",
   "title": "",
   "type": "page",
   "url": "data:,",
   "webSocketDebuggerUrl": "ws://localhost:38449/devtools/page/B958A93E328806C0AB43B2C0835BD322"
} ]

[1607100351.162][INFO]: resolved localhost to ["::1","127.0.0.1"]
[1607100351.177][DEBUG]: DevTools WebSocket Command: Page.addScriptToEvaluateOnNewDocument (id=1) B958A93E328806C0AB43B2C0835BD322 {
   "source": "(function () {window.cdc_adoQpoasnfa76pfcZLmcfl_Array = window.Array;window.cdc_adoQpoasnfa76pfcZLmcfl_Promise = window.Promise;window.cdc_adoQpoasnfa76pfcZLmcfl_Symbol = window.Symbol;}) ();"
}
[1607100351.177][DEBUG]: DevTools WebSocket Command: Runtime.evaluate (id=2) B958A93E328806C0AB43B2C0835BD322 {
   "expression": "(function () {window.cdc_adoQpoasnfa76pfcZLmcfl_Array = window.Array;window.cdc_adoQpoasnfa76pfcZLmcfl_Promise = window.Promise;window.cdc_adoQpoasnfa76pfcZLmcfl_Symbol = window.Symbol;}) ();"
}
[1607100351.178][DEBUG]: DevTools WebSocket Command: Log.enable (id=3) B958A93E328806C0AB43B2C0835BD322 {

}
[1607100351.178][DEBUG]: DevTools WebSocket Command: DOM.getDocument (id=4) B958A93E328806C0AB43B2C0835BD322 {

}
[1607100351.178][DEBUG]: DevTools WebSocket Command: Target.setAutoAttach (id=5) B958A93E328806C0AB43B2C0835BD322 {
   "autoAttach": true,
   "flatten": true,
   "waitForDebuggerOnStart": false
}
[1607100351.178][DEBUG]: DevTools WebSocket Command: Page.enable (id=6) B958A93E328806C0AB43B2C0835BD322 {

}
[1607100351.181][DEBUG]: DevTools WebSocket Command: Page.enable (id=7) B958A93E328806C0AB43B2C0835BD322 {

}
[1607100351.199][DEBUG]: DevTools WebSocket Response: Page.addScriptToEvaluateOnNewDocument (id=1) B958A93E328806C0AB43B2C0835BD322 {
   "identifier": "1"
}
[1607100351.200][DEBUG]: DevTools WebSocket Response: Runtime.evaluate (id=2) B958A93E328806C0AB43B2C0835BD322 {
   "result": {
      "type": "undefined"
   }
}
[1607100351.200][DEBUG]: DevTools WebSocket Response: Log.enable (id=3) B958A93E328806C0AB43B2C0835BD322 {

}
[1607100351.200][DEBUG]: DevTools WebSocket Response: DOM.getDocument (id=4) B958A93E328806C0AB43B2C0835BD322 {
   "root": {
      "backendNodeId": 2,
      "baseURL": "data:,",
      "childNodeCount": 0,
      "children": [  ],
      "documentURL": "data:,",
      "localName": "",
      "nodeId": 1,
      "nodeName": "#document",
      "nodeType": 9,
      "nodeValue": "",
      "xmlVersion": ""
   }
}
[1607100351.200][DEBUG]: DevTools WebSocket Response: Target.setAutoAttach (id=5) B958A93E328806C0AB43B2C0835BD322 {

}
[1607100351.200][DEBUG]: DevTools WebSocket Response: Page.enable (id=6) B958A93E328806C0AB43B2C0835BD322 {

}
[1607100351.200][DEBUG]: DevTools WebSocket Response: Page.enable (id=7) B958A93E328806C0AB43B2C0835BD322 {

}
[1607100351.200][DEBUG]: DevTools WebSocket Command: Runtime.enable (id=8) B958A93E328806C0AB43B2C0835BD322 {

}
[1607100351.203][DEBUG]: DevTools WebSocket Event: DOM.childNodeInserted B958A93E328806C0AB43B2C0835BD322 {
   "node": {
      "attributes": [  ],
      "backendNodeId": 3,
      "childNodeCount": 0,
      "frameId": "B958A93E328806C0AB43B2C0835BD322",
      "localName": "html",
      "nodeId": 2,
      "nodeName": "HTML",
      "nodeType": 1,
      "nodeValue": ""
   },
   "parentNodeId": 1,
   "previousNodeId": 0
}
[1607100351.204][DEBUG]: DevTools WebSocket Event: DOM.childNodeCountUpdated B958A93E328806C0AB43B2C0835BD322 {
   "childNodeCount": 1,
   "nodeId": 2
}
[1607100351.204][DEBUG]: DevTools WebSocket Event: DOM.childNodeCountUpdated B958A93E328806C0AB43B2C0835BD322 {
   "childNodeCount": 2,
   "nodeId": 2
}
[1607100351.204][DEBUG]: DevTools WebSocket Event: Page.loadEventFired B958A93E328806C0AB43B2C0835BD322 {
   "timestamp": 139732.725976
}
[1607100351.204][DEBUG]: DevTools WebSocket Command: Runtime.evaluate (id=9) B958A93E328806C0AB43B2C0835BD322 {
   "awaitPromise": false,
   "expression": "document.readyState",
   "returnByValue": true
}
[1607100351.204][DEBUG]: DevTools WebSocket Event: Page.frameStoppedLoading B958A93E328806C0AB43B2C0835BD322 {
   "frameId": "B958A93E328806C0AB43B2C0835BD322"
}
[1607100351.204][DEBUG]: DevTools WebSocket Event: DOM.documentUpdated B958A93E328806C0AB43B2C0835BD322 {

}
[1607100351.204][DEBUG]: DevTools WebSocket Command: DOM.getDocument (id=10) B958A93E328806C0AB43B2C0835BD322 {

}
[1607100351.204][DEBUG]: DevTools WebSocket Event: Page.domContentEventFired B958A93E328806C0AB43B2C0835BD322 {
   "timestamp": 139732.726296
}
[1607100351.204][DEBUG]: DevTools WebSocket Event: Page.frameResized B958A93E328806C0AB43B2C0835BD322 {

}
[1607100351.214][DEBUG]: DevTools WebSocket Event: Runtime.executionContextCreated B958A93E328806C0AB43B2C0835BD322 {
   "context": {
      "auxData": {
         "frameId": "B958A93E328806C0AB43B2C0835BD322",
         "isDefault": true,
         "type": "default"
      },
      "id": 1,
      "name": "",
      "origin": "://"
   }
}
[1607100351.214][DEBUG]: DevTools WebSocket Response: Runtime.enable (id=8) B958A93E328806C0AB43B2C0835BD322 {

}
[1607100351.214][DEBUG]: DevTools WebSocket Response: Runtime.evaluate (id=9) B958A93E328806C0AB43B2C0835BD322 {
   "result": {
      "type": "string",
      "value": "complete"
   }
}
[1607100351.214][DEBUG]: DevTools WebSocket Command: Page.enable (id=11) B958A93E328806C0AB43B2C0835BD322 {

}
[1607100351.214][DEBUG]: DevTools WebSocket Response: DOM.getDocument (id=10) B958A93E328806C0AB43B2C0835BD322 {
   "root": {
      "backendNodeId": 2,
      "baseURL": "data:,",
      "childNodeCount": 1,
      "children": [ {
         "attributes": [  ],
         "backendNodeId": 3,
         "childNodeCount": 2,
         "children": [ {
            "attributes": [  ],
            "backendNodeId": 4,
            "childNodeCount": 0,
            "localName": "head",
            "nodeId": 5,
            "nodeName": "HEAD",
            "nodeType": 1,
            "nodeValue": "",
            "parentId": 4
         }, {
            "attributes": [  ],
            "backendNodeId": 5,
            "childNodeCount": 0,
            "localName": "body",
            "nodeId": 6,
            "nodeName": "BODY",
            "nodeType": 1,
            "nodeValue": "",
            "parentId": 4
         } ],
         "frameId": "B958A93E328806C0AB43B2C0835BD322",
         "localName": "html",
         "nodeId": 4,
         "nodeName": "HTML",
         "nodeType": 1,
         "nodeValue": "",
         "parentId": 3
      } ],
      "documentURL": "data:,",
      "localName": "",
      "nodeId": 3,
      "nodeName": "#document",
      "nodeType": 9,
      "nodeValue": "",
      "xmlVersion": ""
   }
}
[1607100351.238][DEBUG]: DevTools WebSocket Response: Page.enable (id=11) B958A93E328806C0AB43B2C0835BD322 {

}
[1607100351.238][DEBUG]: DevTools WebSocket Command: Runtime.enable (id=12) B958A93E328806C0AB43B2C0835BD322 {

}
[1607100351.242][DEBUG]: DevTools WebSocket Response: Runtime.enable (id=12) B958A93E328806C0AB43B2C0835BD322 {

}
[1607100351.243][DEBUG]: DevTools WebSocket Command: Runtime.evaluate (id=13) B958A93E328806C0AB43B2C0835BD322 {
   "awaitPromise": true,
   "expression": "(function() { // Copyright (c) 2012 The Chromium Authors. All rights reserved.\n// Use of this source code is governed by a BSD-style license that can be\n// found in the LICENSE file.\n\n/**\n * Enum f...",
   "returnByValue": true
}
[1607100351.248][DEBUG]: DevTools WebSocket Response: Runtime.evaluate (id=13) B958A93E328806C0AB43B2C0835BD322 {
   "result": {
      "type": "object",
      "value": {
         "status": 0,
         "value": 1
      }
   }
}
[1607100351.248][INFO]: [b808ab7a677ae8946bc8f95ae866073c] RESPONSE InitSession {
   "capabilities": {
      "acceptInsecureCerts": false,
      "browserName": "chrome",
      "browserVersion": "87.0.4280.88",
      "chrome": {
         "chromedriverVersion": "87.0.4280.20 (c99e81631faa0b2a448e658c0dbd8311fb04ddbd-refs/branch-heads/4280@{#355})",
         "userDataDir": "/tmp/.com.google.Chrome.FwxW8v"
      },
      "goog:chromeOptions": {
         "debuggerAddress": "localhost:38449"
      },
      "networkConnectionEnabled": false,
      "pageLoadStrategy": "normal",
      "platformName": "linux",
      "proxy": {

      },
      "setWindowRect": true,
      "strictFileInteractability": false,
      "timeouts": {
         "implicit": 0,
         "pageLoad": 300000,
         "script": 30000
      },
      "unhandledPromptBehavior": "dismiss and notify",
      "webauthn:virtualAuthenticators": true
   },
   "sessionId": "b808ab7a677ae8946bc8f95ae866073c"
}
[1607100351.349][INFO]: [b808ab7a677ae8946bc8f95ae866073c] COMMAND ExecuteScript {
   "args": [  ],
   "script": "return \"\u0000a\u0001\";"
}
[1607100351.349][INFO]: Waiting for pending navigations...
[1607100351.349][DEBUG]: DevTools WebSocket Command: Runtime.evaluate (id=14) B958A93E328806C0AB43B2C0835BD322 {
   "expression": "1"
}
[1607100351.352][DEBUG]: DevTools WebSocket Response: Runtime.evaluate (id=14) B958A93E328806C0AB43B2C0835BD322 {
   "result": {
      "description": "1",
      "type": "number",
      "value": 1
   }
}
[1607100351.352][INFO]: Done waiting for pending navigations. Status: ok
[1607100351.352][DEBUG]: DevTools WebSocket Command: Runtime.evaluate (id=15) B958A93E328806C0AB43B2C0835BD322 {
   "awaitPromise": true,
   "expression": "(function() { // Copyright (c) 2012 The Chromium Authors. All rights reserved.\n// Use of this source code is governed by a BSD-style license that can be\n// found in the LICENSE file.\n\n/**\n * Enum f...",
   "returnByValue": true
}
[1607100351.359][DEBUG]: DevTools WebSocket Response: Runtime.evaluate (id=15) B958A93E328806C0AB43B2C0835BD322 {
   "result": {
      "type": "object",
      "value": {
         "status": 0,
         "value": "\u0000a\u0001"
      }
   }
}
[1607100351.359][INFO]: Waiting for pending navigations...
[1607100351.359][DEBUG]: DevTools WebSocket Command: Runtime.evaluate (id=16) B958A93E328806C0AB43B2C0835BD322 {
   "expression": "1"
}
[1607100351.364][DEBUG]: DevTools WebSocket Response: Runtime.evaluate (id=16) B958A93E328806C0AB43B2C0835BD322 {
   "result": {
      "description": "1",
      "type": "number",
      "value": 1
   }
}
[1607100351.365][INFO]: Done waiting for pending navigations. Status: ok
[1607100351.365][INFO]: [b808ab7a677ae8946bc8f95ae866073c] RESPONSE ExecuteScript "\u0000a\u0001"
[1607100351.375][INFO]: [b808ab7a677ae8946bc8f95ae866073c] COMMAND CloseWindow {

}
[1607100351.375][DEBUG]: DevTools HTTP Request: http://localhost:38449/json/list
[1607100351.377][DEBUG]: DevTools HTTP Response: [ {
   "description": "",
   "devtoolsFrontendUrl": "/devtools/inspector.html?ws=localhost:38449/devtools/page/B958A93E328806C0AB43B2C0835BD322",
   "id": "B958A93E328806C0AB43B2C0835BD322",
   "title": "data:,",
   "type": "page",
   "url": "data:,",
   "webSocketDebuggerUrl": "ws://localhost:38449/devtools/page/B958A93E328806C0AB43B2C0835BD322"
} ]

[1607100351.478][INFO]: [b808ab7a677ae8946bc8f95ae866073c] RESPONSE CloseWindow [  ]
[1607100351.478][DEBUG]: Log type 'driver' lost 0 entries on destruction
[1607100351.478][DEBUG]: Log type 'browser' lost 0 entries on destruction
